Using pre-set license
Built from '2020.2/release' branch; Version is '2020.2.0f1 (3721df5a8b28) revision 3613151'; Using compiler version '192528614'; Build Type 'Release'
OS: 'Windows 10  (10.0.0) 64bit' Language: 'pt' Physical Memory: 8044 MB
BatchMode: 1, IsHumanControllingUs: 0, StartBugReporterOnCrash: 0, Is64bit: 1, IsPro: 0

 COMMAND LINE ARGUMENTS:
D:\Unity\2020.2.0f1\Editor\Unity.exe
-adb2
-batchMode
-noUpm
-name
AssetImportWorker0
-projectPath
C:/Users/rafae/Documents/GitHub/IACarros/IACarro
-logFile
Logs/AssetImportWorker0.log
-srvPort
50851
Successfully changed project path to: C:/Users/rafae/Documents/GitHub/IACarros/IACarro
C:/Users/rafae/Documents/GitHub/IACarros/IACarro
Using Asset Import Pipeline V2.
Refreshing native plugins compatible for Editor in 45.76 ms, found 0 plugins.
Preloading 0 native plugins for Editor in 0.00 ms.
Initialize engine version: 2020.2.0f1 (3721df5a8b28)
[Subsystems] Discovering subsystems at path D:/Unity/2020.2.0f1/Editor/Data/Resources/UnitySubsystems
[Subsystems] Discovering subsystems at path C:/Users/rafae/Documents/GitHub/IACarros/IACarro/Assets
GfxDevice: creating device client; threaded=0
Direct3D:
    Version:  Direct3D 11.0 [level 11.1]
    Renderer: NVIDIA GeForce GTX 1050 Ti (ID=0x1c82)
    Vendor:   
    VRAM:     4018 MB
    Driver:   30.0.14.9613
Initialize mono
Mono path[0] = 'D:/Unity/2020.2.0f1/Editor/Data/Managed'
Mono path[1] = 'D:/Unity/2020.2.0f1/Editor/Data/MonoBleedingEdge/lib/mono/unityjit'
Mono config path = 'D:/Unity/2020.2.0f1/Editor/Data/MonoBleedingEdge/etc'
Using monoOptions --debugger-agent=transport=dt_socket,embedding=1,server=y,suspend=n,address=127.0.0.1:56224
Begin MonoManager ReloadAssembly
Registering precompiled unity dll's ...
Register platform support module: D:/Unity/2020.2.0f1/Editor/Data/PlaybackEngines/MacStandaloneSupport/UnityEditor.OSXStandalone.Extensions.dll
Register platform support module: D:/Unity/2020.2.0f1/Editor/Data/PlaybackEngines/WindowsStandaloneSupport/UnityEditor.WindowsStandalone.Extensions.dll
Register platform support module: D:/Unity/2020.2.0f1/Editor/Data/PlaybackEngines/LinuxStandaloneSupport/UnityEditor.LinuxStandalone.Extensions.dll
Registered in 0.002147 seconds.
Native extension for LinuxStandalone target not found
Native extension for WindowsStandalone target not found
Native extension for OSXStandalone target not found
Refreshing native plugins compatible for Editor in 34.20 ms, found 0 plugins.
Preloading 0 native plugins for Editor in 0.00 ms.
Invoked RoslynAnalysisRunner static constructor.
RoslynAnalysisRunner will not be running.
RoslynAnalysisRunner has terminated.
Mono: successfully reloaded assembly
- Completed reload, in  1.751 seconds
Platform modules already initialized, skipping
Registering precompiled user dll's ...
Registered in 0.000827 seconds.
Begin MonoManager ReloadAssembly
Native extension for LinuxStandalone target not found
Native extension for WindowsStandalone target not found
Native extension for OSXStandalone target not found
Refreshing native plugins compatible for Editor in 0.27 ms, found 0 plugins.
Preloading 0 native plugins for Editor in 0.00 ms.
Invoked RoslynAnalysisRunner static constructor.
RoslynAnalysisRunner will not be running.
RoslynAnalysisRunner has terminated.
Mono: successfully reloaded assembly
- Completed reload, in  1.025 seconds
Platform modules already initialized, skipping
========================================================================
Worker process is ready to serve import requests
Launched and connected shader compiler UnityShaderCompiler.exe after 0.04 seconds
Refreshing native plugins compatible for Editor in 0.24 ms, found 0 plugins.
Preloading 0 native plugins for Editor in 0.00 ms.
Unloading 1099 Unused Serialized files (Serialized files now loaded: 0)
System memory in use before: 56.6 MB.
System memory in use after: 56.7 MB.

Unloading 9 unused Assets to reduce memory usage. Loaded Objects now: 1542.
Total: 2.103400 ms (FindLiveObjects: 0.151500 ms CreateObjectMapping: 0.049300 ms MarkObjects: 1.816300 ms  DeleteObjects: 0.085100 ms)

========================================================================
Received Import Request.
  path: Assets/TrabPratico 1/Scenes/SampleScene.unity
  artifactKey: Guid(9fc0d4010bbf28b4594072e72b8655ab) Importer(815301076,1909f56bfc062723c751e8b465ee728b)
Start importing Assets/TrabPratico 1/Scenes/SampleScene.unity using Guid(9fc0d4010bbf28b4594072e72b8655ab) Importer(815301076,1909f56bfc062723c751e8b465ee728b)  -> (artifact id: '6206488eb338f8d6c3effe1c33aa26d1') in 0.026061 seconds
  Import took 0.028633 seconds .

========================================================================
Received Import Request.
  Time since last request: 6.759470 seconds.
  path: Assets/CheckPoints.prefab
  artifactKey: Guid(a3c31d442614f1646824462b46ba11da) Importer(815301076,1909f56bfc062723c751e8b465ee728b)
Start importing Assets/CheckPoints.prefab using Guid(a3c31d442614f1646824462b46ba11da) Importer(815301076,1909f56bfc062723c751e8b465ee728b)  -> (artifact id: 'ad2754d7e10f66a540c3a9e6e9383062') in 0.072091 seconds
  Import took 0.075022 seconds .

========================================================================
Received Import Request.
  Time since last request: 0.786296 seconds.
  path: Assets/Colisor.prefab
  artifactKey: Guid(7f1fcd88158b114428f35e541280de25) Importer(815301076,1909f56bfc062723c751e8b465ee728b)
Start importing Assets/Colisor.prefab using Guid(7f1fcd88158b114428f35e541280de25) Importer(815301076,1909f56bfc062723c751e8b465ee728b)  -> (artifact id: '27bb6074d47eae25e471450eda1ee4b3') in 0.151881 seconds
  Import took 0.156775 seconds .

========================================================================
Received Import Request.
  Time since last request: 3.579920 seconds.
  path: Assets/Corrida.prefab
  artifactKey: Guid(b7ea9dbcd125fff49a69fc0718d2d17d) Importer(815301076,1909f56bfc062723c751e8b465ee728b)
Start importing Assets/Corrida.prefab using Guid(b7ea9dbcd125fff49a69fc0718d2d17d) Importer(815301076,1909f56bfc062723c751e8b465ee728b)  -> (artifact id: 'b3b01ac50df85088f5e0309d9047bc0c') in 0.045706 seconds
  Import took 0.051792 seconds .

========================================================================
Received Import Request.
  Time since last request: 0.004813 seconds.
  path: Assets/Corrida.prefab
  artifactKey: Guid(b7ea9dbcd125fff49a69fc0718d2d17d) Importer(815301076,1909f56bfc062723c751e8b465ee728b)
Start importing Assets/Corrida.prefab using Guid(b7ea9dbcd125fff49a69fc0718d2d17d) Importer(815301076,1909f56bfc062723c751e8b465ee728b)  -> (artifact id: 'b3b01ac50df85088f5e0309d9047bc0c') in 0.032439 seconds
  Import took 0.035697 seconds .

========================================================================
Received Import Request.
  Time since last request: 22.936867 seconds.
  path: Assets/TrabPratico2/Scenes/Machine Learning.unity
  artifactKey: Guid(4b9f23311ff7b0d469982a330ddcdbfa) Importer(815301076,1909f56bfc062723c751e8b465ee728b)
Start importing Assets/TrabPratico2/Scenes/Machine Learning.unity using Guid(4b9f23311ff7b0d469982a330ddcdbfa) Importer(815301076,1909f56bfc062723c751e8b465ee728b)  -> (artifact id: '0bf6896fb85b14ebb563fb7acf81e1ab') in 0.010410 seconds
  Import took 0.014989 seconds .

========================================================================
Received Import Request.
  Time since last request: 0.005705 seconds.
  path: Assets/TrabPratico2/Scenes/Machine Learning.unity
  artifactKey: Guid(4b9f23311ff7b0d469982a330ddcdbfa) Importer(815301076,1909f56bfc062723c751e8b465ee728b)
Start importing Assets/TrabPratico2/Scenes/Machine Learning.unity using Guid(4b9f23311ff7b0d469982a330ddcdbfa) Importer(815301076,1909f56bfc062723c751e8b465ee728b)  -> (artifact id: '0bf6896fb85b14ebb563fb7acf81e1ab') in 0.006881 seconds
  Import took 0.009994 seconds .

========================================================================
Received Import Request.
  Time since last request: 1435.261858 seconds.
  path: Assets/TrabPratico2/Scenes
  artifactKey: Guid(abc6975537de43b49b11a11b722490de) Importer(815301076,1909f56bfc062723c751e8b465ee728b)
Start importing Assets/TrabPratico2/Scenes using Guid(abc6975537de43b49b11a11b722490de) Importer(815301076,1909f56bfc062723c751e8b465ee728b)  -> (artifact id: '4b9cdf048dfec4043d0f5d4b38827fe3') in 0.010930 seconds
  Import took 0.026773 seconds .

========================================================================
Received Import Request.
  Time since last request: 0.665307 seconds.
  path: Assets/TrabPratico2/Scenes/Machine Learning.unity
  artifactKey: Guid(4b9f23311ff7b0d469982a330ddcdbfa) Importer(815301076,1909f56bfc062723c751e8b465ee728b)
Start importing Assets/TrabPratico2/Scenes/Machine Learning.unity using Guid(4b9f23311ff7b0d469982a330ddcdbfa) Importer(815301076,1909f56bfc062723c751e8b465ee728b)  -> (artifact id: 'b1338dcd5cf029c735c2a6af525f41aa') in 0.008467 seconds
  Import took 0.012242 seconds .

========================================================================
Received Import Request.
  Time since last request: 9.106480 seconds.
  path: Assets/TrabPratico 1/Scenes/SampleScene.unity
  artifactKey: Guid(9fc0d4010bbf28b4594072e72b8655ab) Importer(815301076,1909f56bfc062723c751e8b465ee728b)
Start importing Assets/TrabPratico 1/Scenes/SampleScene.unity using Guid(9fc0d4010bbf28b4594072e72b8655ab) Importer(815301076,1909f56bfc062723c751e8b465ee728b)  -> (artifact id: '67f2eb6779075d1a92cb4d40bb1ea4fb') in 0.007729 seconds
  Import took 0.010342 seconds .

========================================================================
Received Import Request.
  Time since last request: 29.582403 seconds.
  path: Assets/TrabPratico2/P
  artifactKey: Guid(14645e59c87609a43bd03b99f0702317) Importer(815301076,1909f56bfc062723c751e8b465ee728b)
Start importing Assets/TrabPratico2/P using Guid(14645e59c87609a43bd03b99f0702317) Importer(815301076,1909f56bfc062723c751e8b465ee728b)  -> (artifact id: 'ccac7370769a9eb8116356bb02e0fb41') in 0.030507 seconds
  Import took 0.037102 seconds .

========================================================================
Received Import Request.
  Time since last request: 9.958143 seconds.
  path: Assets/TrabPratico2/Prefabs
  artifactKey: Guid(e43781d1b93370440bafa154a9b3be39) Importer(815301076,1909f56bfc062723c751e8b465ee728b)
Start importing Assets/TrabPratico2/Prefabs using Guid(e43781d1b93370440bafa154a9b3be39) Importer(815301076,1909f56bfc062723c751e8b465ee728b)  -> (artifact id: '37d6e0b7cece2fb8b78d6e0c0e92e853') in 0.013786 seconds
  Import took 0.017138 seconds .

========================================================================
Received Import Request.
  Time since last request: 0.009523 seconds.
  path: Assets/TrabPratico2/Prefabs
  artifactKey: Guid(e43781d1b93370440bafa154a9b3be39) Importer(815301076,1909f56bfc062723c751e8b465ee728b)
Start importing Assets/TrabPratico2/Prefabs using Guid(e43781d1b93370440bafa154a9b3be39) Importer(815301076,1909f56bfc062723c751e8b465ee728b)  -> (artifact id: '37d6e0b7cece2fb8b78d6e0c0e92e853') in 0.014387 seconds
  Import took 0.021476 seconds .

========================================================================
Received Import Request.
  Time since last request: 5.335468 seconds.
  path: Assets/TrabPratico2/Prefabs/Carro01.prefab
  artifactKey: Guid(b4fb661441c31e14089b6f1be7ce263f) Importer(815301076,1909f56bfc062723c751e8b465ee728b)
Start importing Assets/TrabPratico2/Prefabs/Carro01.prefab using Guid(b4fb661441c31e14089b6f1be7ce263f) Importer(815301076,1909f56bfc062723c751e8b465ee728b)  -> (artifact id: 'c922294279b0feb57bbc7be6c43b5110') in 0.080050 seconds
  Import took 0.082781 seconds .

========================================================================
Received Import Request.
  Time since last request: 17.220799 seconds.
  path: Assets/TrabPratico2/Prefabs/Carro01.prefab
  artifactKey: Guid(b4fb661441c31e14089b6f1be7ce263f) Importer(815301076,1909f56bfc062723c751e8b465ee728b)
Start importing Assets/TrabPratico2/Prefabs/Carro01.prefab using Guid(b4fb661441c31e14089b6f1be7ce263f) Importer(815301076,1909f56bfc062723c751e8b465ee728b)  -> (artifact id: '4b14d32c05e03fffe178079e3100d0d4') in 0.020145 seconds
  Import took 0.027474 seconds .

========================================================================
Received Import Request.
  Time since last request: 4.241649 seconds.
  path: Assets/TrabPratico2/Prefabs/Carro01.prefab
  artifactKey: Guid(b4fb661441c31e14089b6f1be7ce263f) Importer(815301076,1909f56bfc062723c751e8b465ee728b)
Start importing Assets/TrabPratico2/Prefabs/Carro01.prefab using Guid(b4fb661441c31e14089b6f1be7ce263f) Importer(815301076,1909f56bfc062723c751e8b465ee728b)  -> (artifact id: 'c21785ea6631f39858afe4848cd9f1e3') in 0.021985 seconds
  Import took 0.026037 seconds .

========================================================================
Received Import Request.
  Time since last request: 5.232670 seconds.
  path: Assets/TrabPratico2/Prefabs/Carro01.prefab
  artifactKey: Guid(b4fb661441c31e14089b6f1be7ce263f) Importer(815301076,1909f56bfc062723c751e8b465ee728b)
Start importing Assets/TrabPratico2/Prefabs/Carro01.prefab using Guid(b4fb661441c31e14089b6f1be7ce263f) Importer(815301076,1909f56bfc062723c751e8b465ee728b)  -> (artifact id: '59b47f52cdd47fbb930d3f1aa2fcb0f5') in 0.028813 seconds
  Import took 0.032189 seconds .

========================================================================
Received Import Request.
  Time since last request: 1.382203 seconds.
  path: Assets/TrabPratico2/Prefabs/Carro01.prefab
  artifactKey: Guid(b4fb661441c31e14089b6f1be7ce263f) Importer(815301076,1909f56bfc062723c751e8b465ee728b)
Start importing Assets/TrabPratico2/Prefabs/Carro01.prefab using Guid(b4fb661441c31e14089b6f1be7ce263f) Importer(815301076,1909f56bfc062723c751e8b465ee728b)  -> (artifact id: 'b363ccc5bb07aa4f2f3dc3cd64137795') in 0.026063 seconds
  Import took 0.029260 seconds .

========================================================================
Received Import Request.
  Time since last request: 1.175696 seconds.
  path: Assets/TrabPratico2/Prefabs/Carro01.prefab
  artifactKey: Guid(b4fb661441c31e14089b6f1be7ce263f) Importer(815301076,1909f56bfc062723c751e8b465ee728b)
Start importing Assets/TrabPratico2/Prefabs/Carro01.prefab using Guid(b4fb661441c31e14089b6f1be7ce263f) Importer(815301076,1909f56bfc062723c751e8b465ee728b)  -> (artifact id: 'ae690be5c15b45b71ab9dee69e17de32') in 0.025506 seconds
  Import took 0.029440 seconds .

========================================================================
Received Import Request.
  Time since last request: 3.214813 seconds.
  path: Assets/TrabPratico2/Prefabs/Carro01.prefab
  artifactKey: Guid(b4fb661441c31e14089b6f1be7ce263f) Importer(815301076,1909f56bfc062723c751e8b465ee728b)
Start importing Assets/TrabPratico2/Prefabs/Carro01.prefab using Guid(b4fb661441c31e14089b6f1be7ce263f) Importer(815301076,1909f56bfc062723c751e8b465ee728b)  -> (artifact id: 'c597db9011ebb3001f83840e7462fb25') in 0.022885 seconds
  Import took 0.029430 seconds .

========================================================================
Received Import Request.
  Time since last request: 1.606889 seconds.
  path: Assets/TrabPratico2/Prefabs/Carro01.prefab
  artifactKey: Guid(b4fb661441c31e14089b6f1be7ce263f) Importer(815301076,1909f56bfc062723c751e8b465ee728b)
Start importing Assets/TrabPratico2/Prefabs/Carro01.prefab using Guid(b4fb661441c31e14089b6f1be7ce263f) Importer(815301076,1909f56bfc062723c751e8b465ee728b)  -> (artifact id: '90ae5df256952f2e715edd27e289849f') in 0.027960 seconds
  Import took 0.030427 seconds .

========================================================================
Received Import Request.
  Time since last request: 3.434729 seconds.
  path: Assets/TrabPratico2/Prefabs/Carro01.prefab
  artifactKey: Guid(b4fb661441c31e14089b6f1be7ce263f) Importer(815301076,1909f56bfc062723c751e8b465ee728b)
Start importing Assets/TrabPratico2/Prefabs/Carro01.prefab using Guid(b4fb661441c31e14089b6f1be7ce263f) Importer(815301076,1909f56bfc062723c751e8b465ee728b)  -> (artifact id: 'de94dc97ce96ea76d086bc5555791f93') in 0.033252 seconds
  Import took 0.037997 seconds .

========================================================================
Received Import Request.
  Time since last request: 2.998468 seconds.
  path: Assets/TrabPratico2/Prefabs/Carro01.prefab
  artifactKey: Guid(b4fb661441c31e14089b6f1be7ce263f) Importer(815301076,1909f56bfc062723c751e8b465ee728b)
Start importing Assets/TrabPratico2/Prefabs/Carro01.prefab using Guid(b4fb661441c31e14089b6f1be7ce263f) Importer(815301076,1909f56bfc062723c751e8b465ee728b)  -> (artifact id: '913b929f6791b7405fa82a1d194aae66') in 0.025410 seconds
  Import took 0.029406 seconds .

========================================================================
Received Import Request.
  Time since last request: 1.583757 seconds.
  path: Assets/TrabPratico2/Prefabs/Carro01.prefab
  artifactKey: Guid(b4fb661441c31e14089b6f1be7ce263f) Importer(815301076,1909f56bfc062723c751e8b465ee728b)
Start importing Assets/TrabPratico2/Prefabs/Carro01.prefab using Guid(b4fb661441c31e14089b6f1be7ce263f) Importer(815301076,1909f56bfc062723c751e8b465ee728b)  -> (artifact id: '5c6908773eaaad4ea25908c3e95309bc') in 0.027039 seconds
  Import took 0.030968 seconds .

========================================================================
Received Import Request.
  Time since last request: 4.828738 seconds.
  path: Assets/TrabPratico2/Prefabs/Carro01.prefab
  artifactKey: Guid(b4fb661441c31e14089b6f1be7ce263f) Importer(815301076,1909f56bfc062723c751e8b465ee728b)
Start importing Assets/TrabPratico2/Prefabs/Carro01.prefab using Guid(b4fb661441c31e14089b6f1be7ce263f) Importer(815301076,1909f56bfc062723c751e8b465ee728b)  -> (artifact id: '98c5bfba1010d30283232cdd90b0e3f9') in 0.019525 seconds
  Import took 0.023727 seconds .

========================================================================
Received Import Request.
  Time since last request: 1.420111 seconds.
  path: Assets/TrabPratico2/Prefabs/Carro01.prefab
  artifactKey: Guid(b4fb661441c31e14089b6f1be7ce263f) Importer(815301076,1909f56bfc062723c751e8b465ee728b)
Start importing Assets/TrabPratico2/Prefabs/Carro01.prefab using Guid(b4fb661441c31e14089b6f1be7ce263f) Importer(815301076,1909f56bfc062723c751e8b465ee728b)  -> (artifact id: '27697eb9bb581d3301d473ebf251c29e') in 0.020421 seconds
  Import took 0.028065 seconds .

========================================================================
Received Import Request.
  Time since last request: 1.585556 seconds.
  path: Assets/TrabPratico2/Prefabs/Carro01.prefab
  artifactKey: Guid(b4fb661441c31e14089b6f1be7ce263f) Importer(815301076,1909f56bfc062723c751e8b465ee728b)
Start importing Assets/TrabPratico2/Prefabs/Carro01.prefab using Guid(b4fb661441c31e14089b6f1be7ce263f) Importer(815301076,1909f56bfc062723c751e8b465ee728b)  -> (artifact id: '9bf8a541783bf81fdc578fc8febda485') in 0.022655 seconds
  Import took 0.025992 seconds .

========================================================================
Received Import Request.
  Time since last request: 1.780038 seconds.
  path: Assets/TrabPratico2/Prefabs/Carro01.prefab
  artifactKey: Guid(b4fb661441c31e14089b6f1be7ce263f) Importer(815301076,1909f56bfc062723c751e8b465ee728b)
Start importing Assets/TrabPratico2/Prefabs/Carro01.prefab using Guid(b4fb661441c31e14089b6f1be7ce263f) Importer(815301076,1909f56bfc062723c751e8b465ee728b)  -> (artifact id: 'd8bd709bfbf8bd4b03de34880dea2245') in 0.021570 seconds
  Import took 0.025256 seconds .

========================================================================
Received Import Request.
  Time since last request: 5.013789 seconds.
  path: Assets/TrabPratico2/Prefabs/Carro01.prefab
  artifactKey: Guid(b4fb661441c31e14089b6f1be7ce263f) Importer(815301076,1909f56bfc062723c751e8b465ee728b)
Start importing Assets/TrabPratico2/Prefabs/Carro01.prefab using Guid(b4fb661441c31e14089b6f1be7ce263f) Importer(815301076,1909f56bfc062723c751e8b465ee728b)  -> (artifact id: '1f9fe9c0fa5fd0abe769ee61aa4b43fd') in 0.017404 seconds
  Import took 0.020705 seconds .

========================================================================
Received Import Request.
  Time since last request: 0.386858 seconds.
  path: Assets/TrabPratico2/Prefabs/Carro01.prefab
  artifactKey: Guid(b4fb661441c31e14089b6f1be7ce263f) Importer(815301076,1909f56bfc062723c751e8b465ee728b)
Start importing Assets/TrabPratico2/Prefabs/Carro01.prefab using Guid(b4fb661441c31e14089b6f1be7ce263f) Importer(815301076,1909f56bfc062723c751e8b465ee728b)  -> (artifact id: 'f287360268a280dc0cd5bde76ae2aaeb') in 0.021708 seconds
  Import took 0.028279 seconds .

========================================================================
Received Import Request.
  Time since last request: 1.383950 seconds.
  path: Assets/TrabPratico2/Prefabs/Carro01.prefab
  artifactKey: Guid(b4fb661441c31e14089b6f1be7ce263f) Importer(815301076,1909f56bfc062723c751e8b465ee728b)
Start importing Assets/TrabPratico2/Prefabs/Carro01.prefab using Guid(b4fb661441c31e14089b6f1be7ce263f) Importer(815301076,1909f56bfc062723c751e8b465ee728b)  -> (artifact id: 'c169b0892fcb9e1edf1f94eb132cd0b9') in 0.020045 seconds
  Import took 0.028554 seconds .

========================================================================
Received Import Request.
  Time since last request: 11.274777 seconds.
  path: Assets/TrabPratico2/Prefabs/Carro01.prefab
  artifactKey: Guid(b4fb661441c31e14089b6f1be7ce263f) Importer(815301076,1909f56bfc062723c751e8b465ee728b)
Start importing Assets/TrabPratico2/Prefabs/Carro01.prefab using Guid(b4fb661441c31e14089b6f1be7ce263f) Importer(815301076,1909f56bfc062723c751e8b465ee728b)  -> (artifact id: '677d48d4631801c75c6bd1170412d48f') in 0.026029 seconds
  Import took 0.029471 seconds .

========================================================================
Received Import Request.
  Time since last request: 2.204442 seconds.
  path: Assets/TrabPratico2/Prefabs/Carro01.prefab
  artifactKey: Guid(b4fb661441c31e14089b6f1be7ce263f) Importer(815301076,1909f56bfc062723c751e8b465ee728b)
Start importing Assets/TrabPratico2/Prefabs/Carro01.prefab using Guid(b4fb661441c31e14089b6f1be7ce263f) Importer(815301076,1909f56bfc062723c751e8b465ee728b)  -> (artifact id: 'd25baa60f67a0993cb17fd9df050a31c') in 0.019629 seconds
  Import took 0.026564 seconds .

========================================================================
Received Import Request.
  Time since last request: 1.794938 seconds.
  path: Assets/TrabPratico2/Prefabs/Carro01.prefab
  artifactKey: Guid(b4fb661441c31e14089b6f1be7ce263f) Importer(815301076,1909f56bfc062723c751e8b465ee728b)
Start importing Assets/TrabPratico2/Prefabs/Carro01.prefab using Guid(b4fb661441c31e14089b6f1be7ce263f) Importer(815301076,1909f56bfc062723c751e8b465ee728b)  -> (artifact id: '3e4c9d23c788d1ca6dcf0c985ddec766') in 0.019853 seconds
  Import took 0.023431 seconds .

========================================================================
Received Import Request.
  Time since last request: 1.587764 seconds.
  path: Assets/TrabPratico2/Prefabs/Carro01.prefab
  artifactKey: Guid(b4fb661441c31e14089b6f1be7ce263f) Importer(815301076,1909f56bfc062723c751e8b465ee728b)
Start importing Assets/TrabPratico2/Prefabs/Carro01.prefab using Guid(b4fb661441c31e14089b6f1be7ce263f) Importer(815301076,1909f56bfc062723c751e8b465ee728b)  -> (artifact id: '8c2f211bf05d856252fa0443cceaf558') in 0.020577 seconds
  Import took 0.028517 seconds .

========================================================================
Received Import Request.
  Time since last request: 1.582765 seconds.
  path: Assets/TrabPratico2/Prefabs/Carro01.prefab
  artifactKey: Guid(b4fb661441c31e14089b6f1be7ce263f) Importer(815301076,1909f56bfc062723c751e8b465ee728b)
Start importing Assets/TrabPratico2/Prefabs/Carro01.prefab using Guid(b4fb661441c31e14089b6f1be7ce263f) Importer(815301076,1909f56bfc062723c751e8b465ee728b)  -> (artifact id: 'f30a16dd93b05900a40f347f79cf93b6') in 0.022432 seconds
  Import took 0.027153 seconds .

========================================================================
Received Import Request.
  Time since last request: 1.590947 seconds.
  path: Assets/TrabPratico2/Prefabs/Carro01.prefab
  artifactKey: Guid(b4fb661441c31e14089b6f1be7ce263f) Importer(815301076,1909f56bfc062723c751e8b465ee728b)
Start importing Assets/TrabPratico2/Prefabs/Carro01.prefab using Guid(b4fb661441c31e14089b6f1be7ce263f) Importer(815301076,1909f56bfc062723c751e8b465ee728b)  -> (artifact id: '11769128a57e768d9906a791d600648c') in 0.031994 seconds
  Import took 0.036442 seconds .

========================================================================
Received Import Request.
  Time since last request: 18.640279 seconds.
  path: Assets/TrabPratico2/Prefabs/Original.prefab
  artifactKey: Guid(b4fb661441c31e14089b6f1be7ce263f) Importer(815301076,1909f56bfc062723c751e8b465ee728b)
Start importing Assets/TrabPratico2/Prefabs/Original.prefab using Guid(b4fb661441c31e14089b6f1be7ce263f) Importer(815301076,1909f56bfc062723c751e8b465ee728b)  -> (artifact id: '6c39e14583f06a30359fd8b7d3e585ed') in 0.025608 seconds
  Import took 0.032337 seconds .

========================================================================
Received Import Request.
  Time since last request: 16.688559 seconds.
  path: Assets/TrabPratico2/Prefabs/Carro01 Variant.prefab
  artifactKey: Guid(80351acc4b9c4744f9577439cfb4b0fe) Importer(815301076,1909f56bfc062723c751e8b465ee728b)
Start importing Assets/TrabPratico2/Prefabs/Carro01 Variant.prefab using Guid(80351acc4b9c4744f9577439cfb4b0fe) Importer(815301076,1909f56bfc062723c751e8b465ee728b)  -> (artifact id: '465447f0d3ca3247d314641aa6f14ce9') in 0.030936 seconds
  Import took 0.035822 seconds .

========================================================================
Received Import Request.
  Time since last request: 5.117824 seconds.
  path: Assets/TrabPratico2/Prefabs/Carro01.prefab
  artifactKey: Guid(80351acc4b9c4744f9577439cfb4b0fe) Importer(815301076,1909f56bfc062723c751e8b465ee728b)
Start importing Assets/TrabPratico2/Prefabs/Carro01.prefab using Guid(80351acc4b9c4744f9577439cfb4b0fe) Importer(815301076,1909f56bfc062723c751e8b465ee728b)  -> (artifact id: 'ce53c27f3199adfcd1a8e968dfa40eeb') in 0.022594 seconds
  Import took 0.025653 seconds .

========================================================================
Received Import Request.
  Time since last request: 3.644774 seconds.
  path: Assets/TrabPratico2/Prefabs/Variants
  artifactKey: Guid(89d323dd53d41e44b996f108d7ff3963) Importer(815301076,1909f56bfc062723c751e8b465ee728b)
Start importing Assets/TrabPratico2/Prefabs/Variants using Guid(89d323dd53d41e44b996f108d7ff3963) Importer(815301076,1909f56bfc062723c751e8b465ee728b)  -> (artifact id: '68a57317aec6e33769f3f121e181b222') in 0.012977 seconds
  Import took 0.022151 seconds .

========================================================================
Received Import Request.
  Time since last request: 6.295820 seconds.
  path: Assets/TrabPratico2/Prefabs/Variants/Carro02 Variant.prefab
  artifactKey: Guid(d5f60e28e3fb758429431ee7e6bebe76) Importer(815301076,1909f56bfc062723c751e8b465ee728b)
Start importing Assets/TrabPratico2/Prefabs/Variants/Carro02 Variant.prefab using Guid(d5f60e28e3fb758429431ee7e6bebe76) Importer(815301076,1909f56bfc062723c751e8b465ee728b)  -> (artifact id: '89d273c24ec1d35aef4748ea05add0ce') in 0.036451 seconds
  Import took 0.040269 seconds .

========================================================================
Received Import Request.
  Time since last request: 0.014870 seconds.
  path: Assets/TrabPratico2/Prefabs/Variants/Carro02 Variant.prefab
  artifactKey: Guid(d5f60e28e3fb758429431ee7e6bebe76) Importer(815301076,1909f56bfc062723c751e8b465ee728b)
Start importing Assets/TrabPratico2/Prefabs/Variants/Carro02 Variant.prefab using Guid(d5f60e28e3fb758429431ee7e6bebe76) Importer(815301076,1909f56bfc062723c751e8b465ee728b)  -> (artifact id: '89d273c24ec1d35aef4748ea05add0ce') in 0.031417 seconds
  Import took 0.036790 seconds .

========================================================================
Received Import Request.
  Time since last request: 2.202190 seconds.
  path: Assets/TrabPratico2/Prefabs/Variants/Carro03 Variant.prefab
  artifactKey: Guid(93f0870eb11b98a44914f0ebe30018bc) Importer(815301076,1909f56bfc062723c751e8b465ee728b)
Start importing Assets/TrabPratico2/Prefabs/Variants/Carro03 Variant.prefab using Guid(93f0870eb11b98a44914f0ebe30018bc) Importer(815301076,1909f56bfc062723c751e8b465ee728b)  -> (artifact id: 'cc351574c9cb90712e295f158300b5b2') in 0.027923 seconds
  Import took 0.032200 seconds .

========================================================================
Received Import Request.
  Time since last request: 0.008706 seconds.
  path: Assets/TrabPratico2/Prefabs/Variants/Carro03 Variant.prefab
  artifactKey: Guid(93f0870eb11b98a44914f0ebe30018bc) Importer(815301076,1909f56bfc062723c751e8b465ee728b)
Start importing Assets/TrabPratico2/Prefabs/Variants/Carro03 Variant.prefab using Guid(93f0870eb11b98a44914f0ebe30018bc) Importer(815301076,1909f56bfc062723c751e8b465ee728b)  -> (artifact id: 'cc351574c9cb90712e295f158300b5b2') in 0.026069 seconds
  Import took 0.033852 seconds .

========================================================================
Received Import Request.
  Time since last request: 1.907101 seconds.
  path: Assets/TrabPratico2/Prefabs/Variants/Carro04 Variant.prefab
  artifactKey: Guid(5dcbd21823a39234e8d6807c69148ae8) Importer(815301076,1909f56bfc062723c751e8b465ee728b)
Start importing Assets/TrabPratico2/Prefabs/Variants/Carro04 Variant.prefab using Guid(5dcbd21823a39234e8d6807c69148ae8) Importer(815301076,1909f56bfc062723c751e8b465ee728b)  -> (artifact id: 'ade0ea9d7228b9576384b520bce2bd8b') in 0.034244 seconds
  Import took 0.040233 seconds .

========================================================================
Received Import Request.
  Time since last request: 0.004243 seconds.
  path: Assets/TrabPratico2/Prefabs/Variants/Carro04 Variant.prefab
  artifactKey: Guid(5dcbd21823a39234e8d6807c69148ae8) Importer(815301076,1909f56bfc062723c751e8b465ee728b)
Start importing Assets/TrabPratico2/Prefabs/Variants/Carro04 Variant.prefab using Guid(5dcbd21823a39234e8d6807c69148ae8) Importer(815301076,1909f56bfc062723c751e8b465ee728b)  -> (artifact id: 'ade0ea9d7228b9576384b520bce2bd8b') in 0.034262 seconds
  Import took 0.037753 seconds .

========================================================================
Received Import Request.
  Time since last request: 81.784091 seconds.
  path: Assets/TrabPratico2/Prefabs/Carro00.prefab
  artifactKey: Guid(b4fb661441c31e14089b6f1be7ce263f) Importer(815301076,1909f56bfc062723c751e8b465ee728b)
Start importing Assets/TrabPratico2/Prefabs/Carro00.prefab using Guid(b4fb661441c31e14089b6f1be7ce263f) Importer(815301076,1909f56bfc062723c751e8b465ee728b)  -> (artifact id: 'a983bc887f59c5e3df5e4d276385f2ee') in 0.040576 seconds
  Import took 0.044701 seconds .

========================================================================
Received Import Request.
  Time since last request: 12.125209 seconds.
  path: Assets/TrabPratico2/Prefabs/Carro00.prefab
  artifactKey: Guid(b4fb661441c31e14089b6f1be7ce263f) Importer(815301076,1909f56bfc062723c751e8b465ee728b)
Start importing Assets/TrabPratico2/Prefabs/Carro00.prefab using Guid(b4fb661441c31e14089b6f1be7ce263f) Importer(815301076,1909f56bfc062723c751e8b465ee728b)  -> (artifact id: 'ab28cb9791c3db495228678995eea6c4') in 0.019196 seconds
  Import took 0.024939 seconds .

========================================================================
Received Import Request.
  Time since last request: 0.004219 seconds.
  path: Assets/TrabPratico2/Prefabs/Carro00.prefab
  artifactKey: Guid(b4fb661441c31e14089b6f1be7ce263f) Importer(815301076,1909f56bfc062723c751e8b465ee728b)
Start importing Assets/TrabPratico2/Prefabs/Carro00.prefab using Guid(b4fb661441c31e14089b6f1be7ce263f) Importer(815301076,1909f56bfc062723c751e8b465ee728b)  -> (artifact id: 'ab28cb9791c3db495228678995eea6c4') in 0.018058 seconds
  Import took 0.023241 seconds .

========================================================================
Received Import Request.
  Time since last request: 3.446251 seconds.
  path: Assets/TrabPratico2/Prefabs/Carro00.prefab
  artifactKey: Guid(b4fb661441c31e14089b6f1be7ce263f) Importer(815301076,1909f56bfc062723c751e8b465ee728b)
Start importing Assets/TrabPratico2/Prefabs/Carro00.prefab using Guid(b4fb661441c31e14089b6f1be7ce263f) Importer(815301076,1909f56bfc062723c751e8b465ee728b)  -> (artifact id: '0dd7dbdf76bed9fe74ae62831191f64c') in 0.021652 seconds
  Import took 0.025968 seconds .

========================================================================
Received Import Request.
  Time since last request: 0.007344 seconds.
  path: Assets/TrabPratico2/Prefabs/Carro00.prefab
  artifactKey: Guid(b4fb661441c31e14089b6f1be7ce263f) Importer(815301076,1909f56bfc062723c751e8b465ee728b)
Start importing Assets/TrabPratico2/Prefabs/Carro00.prefab using Guid(b4fb661441c31e14089b6f1be7ce263f) Importer(815301076,1909f56bfc062723c751e8b465ee728b)  -> (artifact id: '0dd7dbdf76bed9fe74ae62831191f64c') in 0.019680 seconds
  Import took 0.026776 seconds .

========================================================================
Received Import Request.
  Time since last request: 1.778189 seconds.
  path: Assets/TrabPratico2/Prefabs/Carro00.prefab
  artifactKey: Guid(b4fb661441c31e14089b6f1be7ce263f) Importer(815301076,1909f56bfc062723c751e8b465ee728b)
Start importing Assets/TrabPratico2/Prefabs/Carro00.prefab using Guid(b4fb661441c31e14089b6f1be7ce263f) Importer(815301076,1909f56bfc062723c751e8b465ee728b)  -> (artifact id: '815dfc978b3234098f10ac7c70a6fe31') in 0.021937 seconds
  Import took 0.025622 seconds .

========================================================================
Received Import Request.
  Time since last request: 2.817241 seconds.
  path: Assets/TrabPratico2/Prefabs/Carro00.prefab
  artifactKey: Guid(b4fb661441c31e14089b6f1be7ce263f) Importer(815301076,1909f56bfc062723c751e8b465ee728b)
Start importing Assets/TrabPratico2/Prefabs/Carro00.prefab using Guid(b4fb661441c31e14089b6f1be7ce263f) Importer(815301076,1909f56bfc062723c751e8b465ee728b)  -> (artifact id: 'df17045c7db5a4143b7ae32cedfa7158') in 0.023459 seconds
  Import took 0.027212 seconds .

========================================================================
Received Import Request.
  Time since last request: 1.198933 seconds.
  path: Assets/TrabPratico2/Prefabs/Carro00.prefab
  artifactKey: Guid(b4fb661441c31e14089b6f1be7ce263f) Importer(815301076,1909f56bfc062723c751e8b465ee728b)
Start importing Assets/TrabPratico2/Prefabs/Carro00.prefab using Guid(b4fb661441c31e14089b6f1be7ce263f) Importer(815301076,1909f56bfc062723c751e8b465ee728b)  -> (artifact id: 'e3d1f607a2143a5a3f1ce8860c25df0d') in 0.021981 seconds
  Import took 0.025983 seconds .

========================================================================
Received Import Request.
  Time since last request: 0.007727 seconds.
  path: Assets/TrabPratico2/Prefabs/Carro00.prefab
  artifactKey: Guid(b4fb661441c31e14089b6f1be7ce263f) Importer(815301076,1909f56bfc062723c751e8b465ee728b)
Start importing Assets/TrabPratico2/Prefabs/Carro00.prefab using Guid(b4fb661441c31e14089b6f1be7ce263f) Importer(815301076,1909f56bfc062723c751e8b465ee728b)  -> (artifact id: 'e3d1f607a2143a5a3f1ce8860c25df0d') in 0.028748 seconds
  Import took 0.032586 seconds .

========================================================================
Received Import Request.
  Time since last request: 5.395973 seconds.
  path: Assets/TrabPratico2/Prefabs/Carro00.prefab
  artifactKey: Guid(b4fb661441c31e14089b6f1be7ce263f) Importer(815301076,1909f56bfc062723c751e8b465ee728b)
Start importing Assets/TrabPratico2/Prefabs/Carro00.prefab using Guid(b4fb661441c31e14089b6f1be7ce263f) Importer(815301076,1909f56bfc062723c751e8b465ee728b)  -> (artifact id: '01221a047d1fd99c481e9cfb33d2db4b') in 0.024007 seconds
  Import took 0.026510 seconds .

========================================================================
Received Import Request.
  Time since last request: 0.003578 seconds.
  path: Assets/TrabPratico2/Prefabs/Carro00.prefab
  artifactKey: Guid(b4fb661441c31e14089b6f1be7ce263f) Importer(815301076,1909f56bfc062723c751e8b465ee728b)
Start importing Assets/TrabPratico2/Prefabs/Carro00.prefab using Guid(b4fb661441c31e14089b6f1be7ce263f) Importer(815301076,1909f56bfc062723c751e8b465ee728b)  -> (artifact id: '01221a047d1fd99c481e9cfb33d2db4b') in 0.019088 seconds
  Import took 0.023629 seconds .

========================================================================
Received Import Request.
  Time since last request: 0.205365 seconds.
  path: Assets/TrabPratico2/Prefabs/Carro00.prefab
  artifactKey: Guid(b4fb661441c31e14089b6f1be7ce263f) Importer(815301076,1909f56bfc062723c751e8b465ee728b)
Start importing Assets/TrabPratico2/Prefabs/Carro00.prefab using Guid(b4fb661441c31e14089b6f1be7ce263f) Importer(815301076,1909f56bfc062723c751e8b465ee728b)  -> (artifact id: '55ba0e5fa17b58f0ffda8889e181dbfe') in 0.018662 seconds
  Import took 0.024418 seconds .

========================================================================
Received Import Request.
  Time since last request: 0.008607 seconds.
  path: Assets/TrabPratico2/Prefabs/Carro00.prefab
  artifactKey: Guid(b4fb661441c31e14089b6f1be7ce263f) Importer(815301076,1909f56bfc062723c751e8b465ee728b)
Start importing Assets/TrabPratico2/Prefabs/Carro00.prefab using Guid(b4fb661441c31e14089b6f1be7ce263f) Importer(815301076,1909f56bfc062723c751e8b465ee728b)  -> (artifact id: '55ba0e5fa17b58f0ffda8889e181dbfe') in 0.020403 seconds
  Import took 0.024740 seconds .

========================================================================
Received Import Request.
  Time since last request: 13.436456 seconds.
  path: Assets/TrabPratico 1/Scripts/Car.cs
  artifactKey: Guid(9d6e89e5c5475b6468a42c8861bffcec) Importer(815301076,1909f56bfc062723c751e8b465ee728b)
Start importing Assets/TrabPratico 1/Scripts/Car.cs using Guid(9d6e89e5c5475b6468a42c8861bffcec) Importer(815301076,1909f56bfc062723c751e8b465ee728b)  -> (artifact id: '6f446e0aa3699f1d8873cc9fad940a27') in 0.024720 seconds
  Import took 0.028798 seconds .

========================================================================
Received Import Request.
  Time since last request: 57.440264 seconds.
  path: Assets/TrabPratico 1/Scripts/Carros.cs
  artifactKey: Guid(24a998adc884e434e91dee2df12d21a6) Importer(815301076,1909f56bfc062723c751e8b465ee728b)
Start importing Assets/TrabPratico 1/Scripts/Carros.cs using Guid(24a998adc884e434e91dee2df12d21a6) Importer(815301076,1909f56bfc062723c751e8b465ee728b)  -> (artifact id: 'e8a68c3edbc1f46b9329f7d1439aca78') in 0.016143 seconds
  Import took 0.019865 seconds .

========================================================================
Received Import Request.
  Time since last request: 31.527164 seconds.
  path: Assets/TrabPratico2/Carro.cs
  artifactKey: Guid(68d7c4b8060a30148a70f659182e903e) Importer(815301076,1909f56bfc062723c751e8b465ee728b)
Start importing Assets/TrabPratico2/Carro.cs using Guid(68d7c4b8060a30148a70f659182e903e) Importer(815301076,1909f56bfc062723c751e8b465ee728b)  -> (artifact id: 'ff1d7715e977093de34c0d0120cd01b0') in 0.029710 seconds
  Import took 0.054850 seconds .

========================================================================
Received Import Request.
  Time since last request: 31.749155 seconds.
  path: Assets/TrabPratico2/Carro.cs
  artifactKey: Guid(68d7c4b8060a30148a70f659182e903e) Importer(815301076,1909f56bfc062723c751e8b465ee728b)
Start importing Assets/TrabPratico2/Carro.cs using Guid(68d7c4b8060a30148a70f659182e903e) Importer(815301076,1909f56bfc062723c751e8b465ee728b)  -> (artifact id: 'a3bf889c10482e66f1a42366ea4b6390') in 0.116010 seconds
  Import took 0.161704 seconds .

========================================================================
Received Import Request.
  Time since last request: 9.182986 seconds.
  path: Assets/TrabPratico2/Carro.cs
  artifactKey: Guid(68d7c4b8060a30148a70f659182e903e) Importer(815301076,1909f56bfc062723c751e8b465ee728b)
Start importing Assets/TrabPratico2/Carro.cs using Guid(68d7c4b8060a30148a70f659182e903e) Importer(815301076,1909f56bfc062723c751e8b465ee728b)  -> (artifact id: '19c700ae1614badef464b552424a3b39') in 0.026242 seconds
  Import took 0.031674 seconds .

========================================================================
Received Import Request.
  Time since last request: 5.153478 seconds.
  path: Assets/TrabPratico2/Carro.cs
  artifactKey: Guid(68d7c4b8060a30148a70f659182e903e) Importer(815301076,1909f56bfc062723c751e8b465ee728b)
Start importing Assets/TrabPratico2/Carro.cs using Guid(68d7c4b8060a30148a70f659182e903e) Importer(815301076,1909f56bfc062723c751e8b465ee728b)  -> (artifact id: '09d1030e40c3f45afffa5e4cd8549c32') in 0.011358 seconds
  Import took 0.020865 seconds .

========================================================================
Received Import Request.
  Time since last request: 3.339020 seconds.
  path: Assets/TrabPratico2/Carro.cs
  artifactKey: Guid(68d7c4b8060a30148a70f659182e903e) Importer(815301076,1909f56bfc062723c751e8b465ee728b)
Start importing Assets/TrabPratico2/Carro.cs using Guid(68d7c4b8060a30148a70f659182e903e) Importer(815301076,1909f56bfc062723c751e8b465ee728b)  -> (artifact id: '080627d79c17604fd80455d73d45b497') in 0.011831 seconds
  Import took 0.018290 seconds .

========================================================================
Received Prepare
Registering precompiled user dll's ...
Registered in 0.009999 seconds.
Begin MonoManager ReloadAssembly
Native extension for LinuxStandalone target not found
Native extension for WindowsStandalone target not found
Native extension for OSXStandalone target not found
Refreshing native plugins compatible for Editor in 0.30 ms, found 0 plugins.
Preloading 0 native plugins for Editor in 0.00 ms.
Invoked RoslynAnalysisRunner static constructor.
RoslynAnalysisRunner will not be running.
RoslynAnalysisRunner has terminated.
Mono: successfully reloaded assembly
- Completed reload, in  1.430 seconds
Platform modules already initialized, skipping
Refreshing native plugins compatible for Editor in 1.06 ms, found 0 plugins.
Preloading 0 native plugins for Editor in 0.00 ms.
Unloading 1094 Unused Serialized files (Serialized files now loaded: 0)
System memory in use before: 59.8 MB.
System memory in use after: 59.9 MB.

Unloading 4 unused Assets to reduce memory usage. Loaded Objects now: 1552.
Total: 9.120400 ms (FindLiveObjects: 0.165800 ms CreateObjectMapping: 0.049200 ms MarkObjects: 8.871900 ms  DeleteObjects: 0.031200 ms)

========================================================================
Received Import Request.
  Time since last request: 105.536063 seconds.
  path: Assets/TrabPratico2/Carro.cs
  artifactKey: Guid(68d7c4b8060a30148a70f659182e903e) Importer(815301076,1909f56bfc062723c751e8b465ee728b)
Start importing Assets/TrabPratico2/Carro.cs using Guid(68d7c4b8060a30148a70f659182e903e) Importer(815301076,1909f56bfc062723c751e8b465ee728b)  -> (artifact id: '931666bd4110e906fc21f37af0aed2fa') in 0.016406 seconds
  Import took 0.020210 seconds .

========================================================================
Received Import Request.
  Time since last request: 0.001906 seconds.
  path: Assets/TrabPratico2/Carro.cs
  artifactKey: Guid(68d7c4b8060a30148a70f659182e903e) Importer(815301076,1909f56bfc062723c751e8b465ee728b)
Start importing Assets/TrabPratico2/Carro.cs using Guid(68d7c4b8060a30148a70f659182e903e) Importer(815301076,1909f56bfc062723c751e8b465ee728b)  -> (artifact id: '931666bd4110e906fc21f37af0aed2fa') in 0.008394 seconds
  Import took 0.010795 seconds .

========================================================================
Received Prepare
Registering precompiled user dll's ...
Registered in 0.001078 seconds.
Begin MonoManager ReloadAssembly
Native extension for LinuxStandalone target not found
Native extension for WindowsStandalone target not found
Native extension for OSXStandalone target not found
Refreshing native plugins compatible for Editor in 0.25 ms, found 0 plugins.
Preloading 0 native plugins for Editor in 0.00 ms.
Invoked RoslynAnalysisRunner static constructor.
RoslynAnalysisRunner will not be running.
RoslynAnalysisRunner has terminated.
Mono: successfully reloaded assembly
- Completed reload, in  1.153 seconds
Platform modules already initialized, skipping
Refreshing native plugins compatible for Editor in 0.25 ms, found 0 plugins.
Preloading 0 native plugins for Editor in 0.00 ms.
Unloading 1094 Unused Serialized files (Serialized files now loaded: 0)
System memory in use before: 60.0 MB.
System memory in use after: 60.1 MB.

Unloading 4 unused Assets to reduce memory usage. Loaded Objects now: 1554.
Total: 1.940900 ms (FindLiveObjects: 0.199800 ms CreateObjectMapping: 0.055200 ms MarkObjects: 1.669100 ms  DeleteObjects: 0.015100 ms)

========================================================================
Received Prepare
Registering precompiled user dll's ...
Registered in 0.002979 seconds.
Begin MonoManager ReloadAssembly
Native extension for LinuxStandalone target not found
Native extension for WindowsStandalone target not found
Native extension for OSXStandalone target not found
Refreshing native plugins compatible for Editor in 0.59 ms, found 0 plugins.
Preloading 0 native plugins for Editor in 0.00 ms.
Invoked RoslynAnalysisRunner static constructor.
RoslynAnalysisRunner will not be running.
RoslynAnalysisRunner has terminated.
Mono: successfully reloaded assembly
- Completed reload, in  1.073 seconds
Platform modules already initialized, skipping
Refreshing native plugins compatible for Editor in 0.21 ms, found 0 plugins.
Preloading 0 native plugins for Editor in 0.00 ms.
Unloading 1094 Unused Serialized files (Serialized files now loaded: 0)
System memory in use before: 60.1 MB.
System memory in use after: 60.2 MB.

Unloading 4 unused Assets to reduce memory usage. Loaded Objects now: 1556.
Total: 2.173600 ms (FindLiveObjects: 0.190000 ms CreateObjectMapping: 0.043100 ms MarkObjects: 1.919800 ms  DeleteObjects: 0.019200 ms)

========================================================================
Received Prepare
Registering precompiled user dll's ...
Registered in 0.001090 seconds.
Begin MonoManager ReloadAssembly
Native extension for LinuxStandalone target not found
Native extension for WindowsStandalone target not found
Native extension for OSXStandalone target not found
Refreshing native plugins compatible for Editor in 0.24 ms, found 0 plugins.
Preloading 0 native plugins for Editor in 0.00 ms.
Invoked RoslynAnalysisRunner static constructor.
RoslynAnalysisRunner will not be running.
RoslynAnalysisRunner has terminated.
Mono: successfully reloaded assembly
- Completed reload, in  1.096 seconds
Platform modules already initialized, skipping
Refreshing native plugins compatible for Editor in 0.24 ms, found 0 plugins.
Preloading 0 native plugins for Editor in 0.00 ms.
Unloading 1094 Unused Serialized files (Serialized files now loaded: 0)
System memory in use before: 60.3 MB.
System memory in use after: 60.4 MB.

Unloading 4 unused Assets to reduce memory usage. Loaded Objects now: 1558.
Total: 3.136600 ms (FindLiveObjects: 0.170600 ms CreateObjectMapping: 0.048300 ms MarkObjects: 2.895800 ms  DeleteObjects: 0.019900 ms)

========================================================================
Received Prepare
Registering precompiled user dll's ...
Registered in 0.000991 seconds.
Begin MonoManager ReloadAssembly
Native extension for LinuxStandalone target not found
Native extension for WindowsStandalone target not found
Native extension for OSXStandalone target not found
Refreshing native plugins compatible for Editor in 0.25 ms, found 0 plugins.
Preloading 0 native plugins for Editor in 0.00 ms.
Invoked RoslynAnalysisRunner static constructor.
RoslynAnalysisRunner will not be running.
RoslynAnalysisRunner has terminated.
Mono: successfully reloaded assembly
- Completed reload, in  1.141 seconds
Platform modules already initialized, skipping
Refreshing native plugins compatible for Editor in 0.24 ms, found 0 plugins.
Preloading 0 native plugins for Editor in 0.00 ms.
Unloading 1094 Unused Serialized files (Serialized files now loaded: 0)
System memory in use before: 60.4 MB.
System memory in use after: 60.5 MB.

Unloading 4 unused Assets to reduce memory usage. Loaded Objects now: 1560.
Total: 2.310500 ms (FindLiveObjects: 0.318500 ms CreateObjectMapping: 0.050800 ms MarkObjects: 1.917300 ms  DeleteObjects: 0.016600 ms)

========================================================================
Received Import Request.
  Time since last request: 668.893260 seconds.
  path: Assets/TrabPratico2/Prefabs/Carro00.prefab
  artifactKey: Guid(b4fb661441c31e14089b6f1be7ce263f) Importer(815301076,1909f56bfc062723c751e8b465ee728b)
Start importing Assets/TrabPratico2/Prefabs/Carro00.prefab using Guid(b4fb661441c31e14089b6f1be7ce263f) Importer(815301076,1909f56bfc062723c751e8b465ee728b)  -> (artifact id: '0dd32f469785ca379e26251989b11b69') in 0.118364 seconds
  Import took 0.123095 seconds .

========================================================================
Received Import Request.
  Time since last request: 3.783481 seconds.
  path: Assets/TrabPratico2/Prefabs/Carro00.prefab
  artifactKey: Guid(b4fb661441c31e14089b6f1be7ce263f) Importer(815301076,1909f56bfc062723c751e8b465ee728b)
Start importing Assets/TrabPratico2/Prefabs/Carro00.prefab using Guid(b4fb661441c31e14089b6f1be7ce263f) Importer(815301076,1909f56bfc062723c751e8b465ee728b)  -> (artifact id: 'a07b259b4557e04535a5bf37d70a7a0b') in 0.022212 seconds
  Import took 0.025436 seconds .

========================================================================
Received Prepare
Registering precompiled user dll's ...
Registered in 0.001013 seconds.
Begin MonoManager ReloadAssembly
Native extension for LinuxStandalone target not found
Native extension for WindowsStandalone target not found
Native extension for OSXStandalone target not found
Refreshing native plugins compatible for Editor in 0.58 ms, found 0 plugins.
Preloading 0 native plugins for Editor in 0.00 ms.
Invoked RoslynAnalysisRunner static constructor.
RoslynAnalysisRunner will not be running.
RoslynAnalysisRunner has terminated.
Mono: successfully reloaded assembly
- Completed reload, in  1.078 seconds
Platform modules already initialized, skipping
Refreshing native plugins compatible for Editor in 0.47 ms, found 0 plugins.
Preloading 0 native plugins for Editor in 0.00 ms.
Unloading 1094 Unused Serialized files (Serialized files now loaded: 0)
System memory in use before: 60.6 MB.
System memory in use after: 60.7 MB.

Unloading 4 unused Assets to reduce memory usage. Loaded Objects now: 1563.
Total: 2.583400 ms (FindLiveObjects: 0.135500 ms CreateObjectMapping: 0.040100 ms MarkObjects: 2.388500 ms  DeleteObjects: 0.017600 ms)

========================================================================
Received Import Request.
  Time since last request: 75.791934 seconds.
  path: Assets/TrabPratico2/Prefabs/Carro00.prefab
  artifactKey: Guid(b4fb661441c31e14089b6f1be7ce263f) Importer(815301076,1909f56bfc062723c751e8b465ee728b)
Start importing Assets/TrabPratico2/Prefabs/Carro00.prefab using Guid(b4fb661441c31e14089b6f1be7ce263f) Importer(815301076,1909f56bfc062723c751e8b465ee728b)  -> (artifact id: 'b84a1ec75bc314dfc528638567ce0fae') in 0.089534 seconds
  Import took 0.097881 seconds .

========================================================================
Received Import Request.
  Time since last request: 0.004728 seconds.
  path: Assets/TrabPratico2/Prefabs/Carro00.prefab
  artifactKey: Guid(b4fb661441c31e14089b6f1be7ce263f) Importer(815301076,1909f56bfc062723c751e8b465ee728b)
Start importing Assets/TrabPratico2/Prefabs/Carro00.prefab using Guid(b4fb661441c31e14089b6f1be7ce263f) Importer(815301076,1909f56bfc062723c751e8b465ee728b)  -> (artifact id: 'b84a1ec75bc314dfc528638567ce0fae') in 0.031361 seconds
  Import took 0.034637 seconds .

========================================================================
Received Prepare
Registering precompiled user dll's ...
Registered in 0.002450 seconds.
Begin MonoManager ReloadAssembly
Native extension for LinuxStandalone target not found
Native extension for WindowsStandalone target not found
Native extension for OSXStandalone target not found
Refreshing native plugins compatible for Editor in 0.84 ms, found 0 plugins.
Preloading 0 native plugins for Editor in 0.00 ms.
Invoked RoslynAnalysisRunner static constructor.
RoslynAnalysisRunner will not be running.
RoslynAnalysisRunner has terminated.
Mono: successfully reloaded assembly
- Completed reload, in  2.272 seconds
Platform modules already initialized, skipping
Refreshing native plugins compatible for Editor in 0.28 ms, found 0 plugins.
Preloading 0 native plugins for Editor in 0.00 ms.
Unloading 1094 Unused Serialized files (Serialized files now loaded: 0)
System memory in use before: 60.7 MB.
System memory in use after: 60.8 MB.

Unloading 4 unused Assets to reduce memory usage. Loaded Objects now: 1566.
Total: 14.444100 ms (FindLiveObjects: 0.174000 ms CreateObjectMapping: 0.042800 ms MarkObjects: 14.025600 ms  DeleteObjects: 0.199900 ms)

========================================================================
Received Prepare
Registering precompiled user dll's ...
Registered in 0.000935 seconds.
Begin MonoManager ReloadAssembly
Native extension for LinuxStandalone target not found
Native extension for WindowsStandalone target not found
Native extension for OSXStandalone target not found
Refreshing native plugins compatible for Editor in 0.39 ms, found 0 plugins.
Preloading 0 native plugins for Editor in 0.00 ms.
Invoked RoslynAnalysisRunner static constructor.
RoslynAnalysisRunner will not be running.
RoslynAnalysisRunner has terminated.
Mono: successfully reloaded assembly
- Completed reload, in  1.342 seconds
Platform modules already initialized, skipping
Refreshing native plugins compatible for Editor in 0.22 ms, found 0 plugins.
Preloading 0 native plugins for Editor in 0.00 ms.
Unloading 1094 Unused Serialized files (Serialized files now loaded: 0)
System memory in use before: 60.9 MB.
System memory in use after: 61.0 MB.

Unloading 4 unused Assets to reduce memory usage. Loaded Objects now: 1568.
Total: 1.832800 ms (FindLiveObjects: 0.163800 ms CreateObjectMapping: 0.048600 ms MarkObjects: 1.601500 ms  DeleteObjects: 0.017200 ms)

========================================================================
Received Prepare
Registering precompiled user dll's ...
Registered in 0.001138 seconds.
Begin MonoManager ReloadAssembly
Native extension for LinuxStandalone target not found
Native extension for WindowsStandalone target not found
Native extension for OSXStandalone target not found
Refreshing native plugins compatible for Editor in 0.22 ms, found 0 plugins.
Preloading 0 native plugins for Editor in 0.00 ms.
Invoked RoslynAnalysisRunner static constructor.
RoslynAnalysisRunner will not be running.
RoslynAnalysisRunner has terminated.
Mono: successfully reloaded assembly
- Completed reload, in  1.062 seconds
Platform modules already initialized, skipping
Refreshing native plugins compatible for Editor in 0.22 ms, found 0 plugins.
Preloading 0 native plugins for Editor in 0.00 ms.
Unloading 1094 Unused Serialized files (Serialized files now loaded: 0)
System memory in use before: 61.0 MB.
System memory in use after: 61.1 MB.

Unloading 4 unused Assets to reduce memory usage. Loaded Objects now: 1570.
Total: 1.774900 ms (FindLiveObjects: 0.163400 ms CreateObjectMapping: 0.045500 ms MarkObjects: 1.550500 ms  DeleteObjects: 0.014200 ms)

========================================================================
Received Prepare
Registering precompiled user dll's ...
Registered in 0.001031 seconds.
Begin MonoManager ReloadAssembly
Native extension for LinuxStandalone target not found
Native extension for WindowsStandalone target not found
Native extension for OSXStandalone target not found
Refreshing native plugins compatible for Editor in 0.32 ms, found 0 plugins.
Preloading 0 native plugins for Editor in 0.00 ms.
Invoked RoslynAnalysisRunner static constructor.
RoslynAnalysisRunner will not be running.
RoslynAnalysisRunner has terminated.
Mono: successfully reloaded assembly
- Completed reload, in  1.244 seconds
Platform modules already initialized, skipping
Refreshing native plugins compatible for Editor in 0.28 ms, found 0 plugins.
Preloading 0 native plugins for Editor in 0.00 ms.
Unloading 1094 Unused Serialized files (Serialized files now loaded: 0)
System memory in use before: 61.1 MB.
System memory in use after: 61.2 MB.

Unloading 4 unused Assets to reduce memory usage. Loaded Objects now: 1572.
Total: 2.146800 ms (FindLiveObjects: 0.318800 ms CreateObjectMapping: 0.045600 ms MarkObjects: 1.763100 ms  DeleteObjects: 0.017400 ms)

========================================================================
Received Prepare
Registering precompiled user dll's ...
Registered in 0.000840 seconds.
Begin MonoManager ReloadAssembly
Native extension for LinuxStandalone target not found
Native extension for WindowsStandalone target not found
Native extension for OSXStandalone target not found
Refreshing native plugins compatible for Editor in 0.23 ms, found 0 plugins.
Preloading 0 native plugins for Editor in 0.00 ms.
Invoked RoslynAnalysisRunner static constructor.
RoslynAnalysisRunner will not be running.
RoslynAnalysisRunner has terminated.
Mono: successfully reloaded assembly
- Completed reload, in  1.641 seconds
Platform modules already initialized, skipping
Refreshing native plugins compatible for Editor in 0.34 ms, found 0 plugins.
Preloading 0 native plugins for Editor in 0.00 ms.
Unloading 1094 Unused Serialized files (Serialized files now loaded: 0)
System memory in use before: 61.3 MB.
System memory in use after: 61.4 MB.

Unloading 4 unused Assets to reduce memory usage. Loaded Objects now: 1574.
Total: 5.151700 ms (FindLiveObjects: 1.426400 ms CreateObjectMapping: 0.063400 ms MarkObjects: 3.615500 ms  DeleteObjects: 0.040000 ms)

========================================================================
Received Prepare
Registering precompiled user dll's ...
Registered in 0.002190 seconds.
Begin MonoManager ReloadAssembly
Native extension for LinuxStandalone target not found
Native extension for WindowsStandalone target not found
Native extension for OSXStandalone target not found
Refreshing native plugins compatible for Editor in 0.23 ms, found 0 plugins.
Preloading 0 native plugins for Editor in 0.00 ms.
Invoked RoslynAnalysisRunner static constructor.
RoslynAnalysisRunner will not be running.
RoslynAnalysisRunner has terminated.
Mono: successfully reloaded assembly
- Completed reload, in  1.461 seconds
Platform modules already initialized, skipping
Refreshing native plugins compatible for Editor in 0.51 ms, found 0 plugins.
Preloading 0 native plugins for Editor in 0.00 ms.
Unloading 1094 Unused Serialized files (Serialized files now loaded: 0)
System memory in use before: 61.4 MB.
System memory in use after: 61.5 MB.

Unloading 4 unused Assets to reduce memory usage. Loaded Objects now: 1576.
Total: 2.973900 ms (FindLiveObjects: 0.203500 ms CreateObjectMapping: 0.043600 ms MarkObjects: 2.710400 ms  DeleteObjects: 0.014800 ms)

========================================================================
Received Prepare
Registering precompiled user dll's ...
Registered in 0.001225 seconds.
Begin MonoManager ReloadAssembly
Native extension for LinuxStandalone target not found
Native extension for WindowsStandalone target not found
Native extension for OSXStandalone target not found
Refreshing native plugins compatible for Editor in 0.29 ms, found 0 plugins.
Preloading 0 native plugins for Editor in 0.00 ms.
Invoked RoslynAnalysisRunner static constructor.
RoslynAnalysisRunner will not be running.
RoslynAnalysisRunner has terminated.
Mono: successfully reloaded assembly
- Completed reload, in  1.337 seconds
Platform modules already initialized, skipping
Refreshing native plugins compatible for Editor in 0.57 ms, found 0 plugins.
Preloading 0 native plugins for Editor in 0.00 ms.
Unloading 1094 Unused Serialized files (Serialized files now loaded: 0)
System memory in use before: 61.6 MB.
System memory in use after: 61.7 MB.

Unloading 4 unused Assets to reduce memory usage. Loaded Objects now: 1578.
Total: 1.924600 ms (FindLiveObjects: 0.222700 ms CreateObjectMapping: 0.044000 ms MarkObjects: 1.641100 ms  DeleteObjects: 0.015100 ms)

========================================================================
Received Prepare
Registering precompiled user dll's ...
Registered in 0.001059 seconds.
Begin MonoManager ReloadAssembly
Native extension for LinuxStandalone target not found
Native extension for WindowsStandalone target not found
Native extension for OSXStandalone target not found
Refreshing native plugins compatible for Editor in 0.36 ms, found 0 plugins.
Preloading 0 native plugins for Editor in 0.00 ms.
Invoked RoslynAnalysisRunner static constructor.
RoslynAnalysisRunner will not be running.
RoslynAnalysisRunner has terminated.
Mono: successfully reloaded assembly
- Completed reload, in  0.981 seconds
Platform modules already initialized, skipping
Refreshing native plugins compatible for Editor in 0.22 ms, found 0 plugins.
Preloading 0 native plugins for Editor in 0.00 ms.
Unloading 1094 Unused Serialized files (Serialized files now loaded: 0)
System memory in use before: 61.7 MB.
System memory in use after: 61.8 MB.

Unloading 4 unused Assets to reduce memory usage. Loaded Objects now: 1580.
Total: 3.120600 ms (FindLiveObjects: 0.346600 ms CreateObjectMapping: 0.104800 ms MarkObjects: 2.613400 ms  DeleteObjects: 0.053800 ms)

========================================================================
Received Prepare
Registering precompiled user dll's ...
Registered in 0.001007 seconds.
Begin MonoManager ReloadAssembly
Native extension for LinuxStandalone target not found
Native extension for WindowsStandalone target not found
Native extension for OSXStandalone target not found
Refreshing native plugins compatible for Editor in 0.25 ms, found 0 plugins.
Preloading 0 native plugins for Editor in 0.00 ms.
Invoked RoslynAnalysisRunner static constructor.
RoslynAnalysisRunner will not be running.
RoslynAnalysisRunner has terminated.
Mono: successfully reloaded assembly
- Completed reload, in  1.585 seconds
Platform modules already initialized, skipping
Refreshing native plugins compatible for Editor in 0.22 ms, found 0 plugins.
Preloading 0 native plugins for Editor in 0.00 ms.
Unloading 1094 Unused Serialized files (Serialized files now loaded: 0)
System memory in use before: 61.7 MB.
System memory in use after: 61.8 MB.

Unloading 4 unused Assets to reduce memory usage. Loaded Objects now: 1582.
Total: 2.264500 ms (FindLiveObjects: 0.157800 ms CreateObjectMapping: 0.071600 ms MarkObjects: 2.018400 ms  DeleteObjects: 0.015400 ms)

========================================================================
Received Prepare
Registering precompiled user dll's ...
Registered in 0.001330 seconds.
Begin MonoManager ReloadAssembly
Native extension for LinuxStandalone target not found
Native extension for WindowsStandalone target not found
Native extension for OSXStandalone target not found
Refreshing native plugins compatible for Editor in 3.62 ms, found 0 plugins.
Preloading 0 native plugins for Editor in 0.00 ms.
Invoked RoslynAnalysisRunner static constructor.
RoslynAnalysisRunner will not be running.
RoslynAnalysisRunner has terminated.
Mono: successfully reloaded assembly
- Completed reload, in  1.585 seconds
Platform modules already initialized, skipping
Refreshing native plugins compatible for Editor in 0.24 ms, found 0 plugins.
Preloading 0 native plugins for Editor in 0.00 ms.
Unloading 1094 Unused Serialized files (Serialized files now loaded: 0)
System memory in use before: 61.0 MB.
System memory in use after: 61.1 MB.

Unloading 4 unused Assets to reduce memory usage. Loaded Objects now: 1584.
Total: 1.787100 ms (FindLiveObjects: 0.154200 ms CreateObjectMapping: 0.042200 ms MarkObjects: 1.574400 ms  DeleteObjects: 0.014600 ms)

========================================================================
Received Prepare
Registering precompiled user dll's ...
Registered in 0.001315 seconds.
Begin MonoManager ReloadAssembly
Native extension for LinuxStandalone target not found
Native extension for WindowsStandalone target not found
Native extension for OSXStandalone target not found
Refreshing native plugins compatible for Editor in 0.35 ms, found 0 plugins.
Preloading 0 native plugins for Editor in 0.00 ms.
Invoked RoslynAnalysisRunner static constructor.
RoslynAnalysisRunner will not be running.
RoslynAnalysisRunner has terminated.
Mono: successfully reloaded assembly
- Completed reload, in  1.623 seconds
Platform modules already initialized, skipping
Refreshing native plugins compatible for Editor in 0.24 ms, found 0 plugins.
Preloading 0 native plugins for Editor in 0.00 ms.
Unloading 1094 Unused Serialized files (Serialized files now loaded: 0)
System memory in use before: 61.1 MB.
System memory in use after: 61.2 MB.

Unloading 4 unused Assets to reduce memory usage. Loaded Objects now: 1586.
Total: 2.696900 ms (FindLiveObjects: 0.232200 ms CreateObjectMapping: 0.069700 ms MarkObjects: 2.376300 ms  DeleteObjects: 0.017100 ms)

========================================================================
Received Prepare
Registering precompiled user dll's ...
Registered in 0.001388 seconds.
Begin MonoManager ReloadAssembly
Native extension for LinuxStandalone target not found
Native extension for WindowsStandalone target not found
Native extension for OSXStandalone target not found
Refreshing native plugins compatible for Editor in 0.24 ms, found 0 plugins.
Preloading 0 native plugins for Editor in 0.00 ms.
Invoked RoslynAnalysisRunner static constructor.
RoslynAnalysisRunner will not be running.
RoslynAnalysisRunner has terminated.
Mono: successfully reloaded assembly
- Completed reload, in  1.082 seconds
Platform modules already initialized, skipping
Refreshing native plugins compatible for Editor in 0.22 ms, found 0 plugins.
Preloading 0 native plugins for Editor in 0.00 ms.
Unloading 1094 Unused Serialized files (Serialized files now loaded: 0)
System memory in use before: 61.2 MB.
System memory in use after: 61.3 MB.

Unloading 4 unused Assets to reduce memory usage. Loaded Objects now: 1588.
Total: 1.869000 ms (FindLiveObjects: 0.216700 ms CreateObjectMapping: 0.046000 ms MarkObjects: 1.561800 ms  DeleteObjects: 0.043200 ms)

========================================================================
Received Prepare
Registering precompiled user dll's ...
Registered in 0.000919 seconds.
Begin MonoManager ReloadAssembly
Native extension for LinuxStandalone target not found
Native extension for WindowsStandalone target not found
Native extension for OSXStandalone target not found
Refreshing native plugins compatible for Editor in 4.86 ms, found 0 plugins.
Preloading 0 native plugins for Editor in 0.00 ms.
Invoked RoslynAnalysisRunner static constructor.
RoslynAnalysisRunner will not be running.
RoslynAnalysisRunner has terminated.
Mono: successfully reloaded assembly
- Completed reload, in  1.312 seconds
Platform modules already initialized, skipping
Refreshing native plugins compatible for Editor in 0.28 ms, found 0 plugins.
Preloading 0 native plugins for Editor in 0.00 ms.
Unloading 1094 Unused Serialized files (Serialized files now loaded: 0)
System memory in use before: 61.4 MB.
System memory in use after: 61.5 MB.

Unloading 4 unused Assets to reduce memory usage. Loaded Objects now: 1590.
Total: 6.175100 ms (FindLiveObjects: 0.419200 ms CreateObjectMapping: 0.078900 ms MarkObjects: 5.633600 ms  DeleteObjects: 0.040800 ms)

========================================================================
Received Prepare
Registering precompiled user dll's ...
Registered in 0.000878 seconds.
Begin MonoManager ReloadAssembly
Native extension for LinuxStandalone target not found
Native extension for WindowsStandalone target not found
Native extension for OSXStandalone target not found
Refreshing native plugins compatible for Editor in 0.34 ms, found 0 plugins.
Preloading 0 native plugins for Editor in 0.00 ms.
Invoked RoslynAnalysisRunner static constructor.
RoslynAnalysisRunner will not be running.
RoslynAnalysisRunner has terminated.
Mono: successfully reloaded assembly
- Completed reload, in  1.431 seconds
Platform modules already initialized, skipping
Refreshing native plugins compatible for Editor in 0.22 ms, found 0 plugins.
Preloading 0 native plugins for Editor in 0.00 ms.
Unloading 1094 Unused Serialized files (Serialized files now loaded: 0)
System memory in use before: 61.5 MB.
System memory in use after: 61.6 MB.

Unloading 4 unused Assets to reduce memory usage. Loaded Objects now: 1592.
Total: 5.444300 ms (FindLiveObjects: 0.223000 ms CreateObjectMapping: 0.068700 ms MarkObjects: 5.131600 ms  DeleteObjects: 0.018800 ms)

========================================================================
Received Prepare
Registering precompiled user dll's ...
Registered in 0.001030 seconds.
Begin MonoManager ReloadAssembly
Native extension for LinuxStandalone target not found
Native extension for WindowsStandalone target not found
Native extension for OSXStandalone target not found
Refreshing native plugins compatible for Editor in 0.24 ms, found 0 plugins.
Preloading 0 native plugins for Editor in 0.00 ms.
Invoked RoslynAnalysisRunner static constructor.
RoslynAnalysisRunner will not be running.
RoslynAnalysisRunner has terminated.
Mono: successfully reloaded assembly
- Completed reload, in  1.240 seconds
Platform modules already initialized, skipping
Refreshing native plugins compatible for Editor in 0.38 ms, found 0 plugins.
Preloading 0 native plugins for Editor in 0.00 ms.
Unloading 1094 Unused Serialized files (Serialized files now loaded: 0)
System memory in use before: 61.6 MB.
System memory in use after: 61.7 MB.

Unloading 4 unused Assets to reduce memory usage. Loaded Objects now: 1594.
Total: 6.287400 ms (FindLiveObjects: 0.296800 ms CreateObjectMapping: 0.085800 ms MarkObjects: 5.884800 ms  DeleteObjects: 0.016800 ms)

========================================================================
Received Prepare
Registering precompiled user dll's ...
Registered in 0.001305 seconds.
Begin MonoManager ReloadAssembly
Native extension for LinuxStandalone target not found
Native extension for WindowsStandalone target not found
Native extension for OSXStandalone target not found
Refreshing native plugins compatible for Editor in 0.46 ms, found 0 plugins.
Preloading 0 native plugins for Editor in 0.00 ms.
Invoked RoslynAnalysisRunner static constructor.
RoslynAnalysisRunner will not be running.
RoslynAnalysisRunner has terminated.
Mono: successfully reloaded assembly
- Completed reload, in  1.588 seconds
Platform modules already initialized, skipping
Refreshing native plugins compatible for Editor in 0.60 ms, found 0 plugins.
Preloading 0 native plugins for Editor in 0.00 ms.
Unloading 1094 Unused Serialized files (Serialized files now loaded: 0)
System memory in use before: 61.7 MB.
System memory in use after: 61.8 MB.

Unloading 4 unused Assets to reduce memory usage. Loaded Objects now: 1596.
Total: 3.235600 ms (FindLiveObjects: 0.205700 ms CreateObjectMapping: 0.217900 ms MarkObjects: 2.772100 ms  DeleteObjects: 0.032600 ms)

========================================================================
Received Prepare
Registering precompiled user dll's ...
Registered in 0.001320 seconds.
Begin MonoManager ReloadAssembly
Native extension for LinuxStandalone target not found
Native extension for WindowsStandalone target not found
Native extension for OSXStandalone target not found
Refreshing native plugins compatible for Editor in 0.31 ms, found 0 plugins.
Preloading 0 native plugins for Editor in 0.00 ms.
Invoked RoslynAnalysisRunner static constructor.
RoslynAnalysisRunner will not be running.
RoslynAnalysisRunner has terminated.
Mono: successfully reloaded assembly
- Completed reload, in  1.934 seconds
Platform modules already initialized, skipping
Refreshing native plugins compatible for Editor in 0.25 ms, found 0 plugins.
Preloading 0 native plugins for Editor in 0.00 ms.
Unloading 1094 Unused Serialized files (Serialized files now loaded: 0)
System memory in use before: 60.9 MB.
System memory in use after: 61.0 MB.

Unloading 4 unused Assets to reduce memory usage. Loaded Objects now: 1598.
Total: 3.154000 ms (FindLiveObjects: 0.194600 ms CreateObjectMapping: 0.119000 ms MarkObjects: 2.820000 ms  DeleteObjects: 0.017900 ms)

========================================================================
Received Prepare
Registering precompiled user dll's ...
Registered in 0.000875 seconds.
Begin MonoManager ReloadAssembly
Native extension for LinuxStandalone target not found
Native extension for WindowsStandalone target not found
Native extension for OSXStandalone target not found
Refreshing native plugins compatible for Editor in 0.38 ms, found 0 plugins.
Preloading 0 native plugins for Editor in 0.00 ms.
Invoked RoslynAnalysisRunner static constructor.
RoslynAnalysisRunner will not be running.
RoslynAnalysisRunner has terminated.
Mono: successfully reloaded assembly
- Completed reload, in  1.377 seconds
Platform modules already initialized, skipping
Refreshing native plugins compatible for Editor in 0.56 ms, found 0 plugins.
Preloading 0 native plugins for Editor in 0.00 ms.
Unloading 1094 Unused Serialized files (Serialized files now loaded: 0)
System memory in use before: 61.1 MB.
System memory in use after: 61.2 MB.

Unloading 4 unused Assets to reduce memory usage. Loaded Objects now: 1600.
Total: 9.668100 ms (FindLiveObjects: 0.345100 ms CreateObjectMapping: 0.213900 ms MarkObjects: 9.078000 ms  DeleteObjects: 0.028500 ms)

========================================================================
Received Prepare
Registering precompiled user dll's ...
Registered in 0.001096 seconds.
Begin MonoManager ReloadAssembly
Native extension for LinuxStandalone target not found
Native extension for WindowsStandalone target not found
Native extension for OSXStandalone target not found
Refreshing native plugins compatible for Editor in 0.27 ms, found 0 plugins.
Preloading 0 native plugins for Editor in 0.00 ms.
Invoked RoslynAnalysisRunner static constructor.
RoslynAnalysisRunner will not be running.
RoslynAnalysisRunner has terminated.
Mono: successfully reloaded assembly
- Completed reload, in  1.099 seconds
Platform modules already initialized, skipping
Refreshing native plugins compatible for Editor in 0.58 ms, found 0 plugins.
Preloading 0 native plugins for Editor in 0.00 ms.
Unloading 1094 Unused Serialized files (Serialized files now loaded: 0)
System memory in use before: 61.2 MB.
System memory in use after: 61.3 MB.

Unloading 4 unused Assets to reduce memory usage. Loaded Objects now: 1602.
Total: 4.107300 ms (FindLiveObjects: 0.210000 ms CreateObjectMapping: 0.047200 ms MarkObjects: 3.827300 ms  DeleteObjects: 0.020200 ms)

========================================================================
Received Import Request.
  Time since last request: 2686.304079 seconds.
  path: Assets/TrabPratico2/Prefabs/Carro00.prefab
  artifactKey: Guid(b4fb661441c31e14089b6f1be7ce263f) Importer(815301076,1909f56bfc062723c751e8b465ee728b)
Start importing Assets/TrabPratico2/Prefabs/Carro00.prefab using Guid(b4fb661441c31e14089b6f1be7ce263f) Importer(815301076,1909f56bfc062723c751e8b465ee728b)  -> (artifact id: '4c3af5823487f4b9e181801a2723c34d') in 0.297365 seconds
  Import took 0.304155 seconds .

========================================================================
Received Prepare
Registering precompiled user dll's ...
Registered in 0.000922 seconds.
Begin MonoManager ReloadAssembly
Native extension for LinuxStandalone target not found
Native extension for WindowsStandalone target not found
Native extension for OSXStandalone target not found
Refreshing native plugins compatible for Editor in 0.54 ms, found 0 plugins.
Preloading 0 native plugins for Editor in 0.00 ms.
Invoked RoslynAnalysisRunner static constructor.
RoslynAnalysisRunner will not be running.
RoslynAnalysisRunner has terminated.
Mono: successfully reloaded assembly
- Completed reload, in  4.853 seconds
Platform modules already initialized, skipping
Refreshing native plugins compatible for Editor in 0.53 ms, found 0 plugins.
Preloading 0 native plugins for Editor in 0.00 ms.
Unloading 1094 Unused Serialized files (Serialized files now loaded: 0)
System memory in use before: 61.3 MB.
System memory in use after: 61.4 MB.

Unloading 4 unused Assets to reduce memory usage. Loaded Objects now: 1605.
Total: 2.689500 ms (FindLiveObjects: 0.200100 ms CreateObjectMapping: 0.052300 ms MarkObjects: 2.412200 ms  DeleteObjects: 0.023000 ms)

========================================================================
Received Prepare
Registering precompiled user dll's ...
Registered in 0.000839 seconds.
Begin MonoManager ReloadAssembly
Native extension for LinuxStandalone target not found
Native extension for WindowsStandalone target not found
Native extension for OSXStandalone target not found
Refreshing native plugins compatible for Editor in 0.26 ms, found 0 plugins.
Preloading 0 native plugins for Editor in 0.00 ms.
Invoked RoslynAnalysisRunner static constructor.
RoslynAnalysisRunner will not be running.
RoslynAnalysisRunner has terminated.
Mono: successfully reloaded assembly
- Completed reload, in  1.838 seconds
Platform modules already initialized, skipping
Refreshing native plugins compatible for Editor in 0.27 ms, found 0 plugins.
Preloading 0 native plugins for Editor in 0.00 ms.
Unloading 1094 Unused Serialized files (Serialized files now loaded: 0)
System memory in use before: 61.5 MB.
System memory in use after: 61.6 MB.

Unloading 4 unused Assets to reduce memory usage. Loaded Objects now: 1607.
Total: 3.333800 ms (FindLiveObjects: 1.165400 ms CreateObjectMapping: 0.176300 ms MarkObjects: 1.971900 ms  DeleteObjects: 0.018300 ms)

========================================================================
Received Import Request.
  Time since last request: 242.214116 seconds.
  path: Assets/TrabPratico 1/Scripts/CarAI.cs
  artifactKey: Guid(8d0ebadc2801b5f4ca21fed6d3492f82) Importer(815301076,1909f56bfc062723c751e8b465ee728b)
Start importing Assets/TrabPratico 1/Scripts/CarAI.cs using Guid(8d0ebadc2801b5f4ca21fed6d3492f82) Importer(815301076,1909f56bfc062723c751e8b465ee728b)  -> (artifact id: 'dee14884160c8a55ee4e96f54ae64aed') in 0.012464 seconds
  Import took 0.017173 seconds .

========================================================================
Received Import Request.
  Time since last request: 0.035280 seconds.
  path: Assets/TrabPratico 1/Scripts/CarAI.cs
  artifactKey: Guid(8d0ebadc2801b5f4ca21fed6d3492f82) Importer(815301076,1909f56bfc062723c751e8b465ee728b)
Start importing Assets/TrabPratico 1/Scripts/CarAI.cs using Guid(8d0ebadc2801b5f4ca21fed6d3492f82) Importer(815301076,1909f56bfc062723c751e8b465ee728b)  -> (artifact id: 'dee14884160c8a55ee4e96f54ae64aed') in 0.007178 seconds
  Import took 0.010415 seconds .

========================================================================
Received Prepare
Registering precompiled user dll's ...
Registered in 0.001022 seconds.
Begin MonoManager ReloadAssembly
Native extension for LinuxStandalone target not found
Native extension for WindowsStandalone target not found
Native extension for OSXStandalone target not found
Refreshing native plugins compatible for Editor in 0.27 ms, found 0 plugins.
Preloading 0 native plugins for Editor in 0.00 ms.
Invoked RoslynAnalysisRunner static constructor.
RoslynAnalysisRunner will not be running.
RoslynAnalysisRunner has terminated.
Mono: successfully reloaded assembly
- Completed reload, in  1.485 seconds
Platform modules already initialized, skipping
Refreshing native plugins compatible for Editor in 0.23 ms, found 0 plugins.
Preloading 0 native plugins for Editor in 0.00 ms.
Unloading 1094 Unused Serialized files (Serialized files now loaded: 0)
System memory in use before: 61.6 MB.
System memory in use after: 61.7 MB.

Unloading 4 unused Assets to reduce memory usage. Loaded Objects now: 1609.
Total: 1.915800 ms (FindLiveObjects: 0.149100 ms CreateObjectMapping: 0.040400 ms MarkObjects: 1.710300 ms  DeleteObjects: 0.014700 ms)

========================================================================
Received Prepare
Registering precompiled user dll's ...
Registered in 0.000933 seconds.
Begin MonoManager ReloadAssembly
Native extension for LinuxStandalone target not found
Native extension for WindowsStandalone target not found
Native extension for OSXStandalone target not found
Refreshing native plugins compatible for Editor in 0.47 ms, found 0 plugins.
Preloading 0 native plugins for Editor in 0.00 ms.
Invoked RoslynAnalysisRunner static constructor.
RoslynAnalysisRunner will not be running.
RoslynAnalysisRunner has terminated.
Mono: successfully reloaded assembly
- Completed reload, in  5.070 seconds
Platform modules already initialized, skipping
Refreshing native plugins compatible for Editor in 0.44 ms, found 0 plugins.
Preloading 0 native plugins for Editor in 0.00 ms.
Unloading 1094 Unused Serialized files (Serialized files now loaded: 0)
System memory in use before: 61.7 MB.
System memory in use after: 61.8 MB.

Unloading 4 unused Assets to reduce memory usage. Loaded Objects now: 1611.
Total: 6.331000 ms (FindLiveObjects: 0.854500 ms CreateObjectMapping: 0.057200 ms MarkObjects: 5.397400 ms  DeleteObjects: 0.019200 ms)

========================================================================
Received Prepare
Registering precompiled user dll's ...
Registered in 0.000895 seconds.
Begin MonoManager ReloadAssembly
Native extension for LinuxStandalone target not found
Native extension for WindowsStandalone target not found
Native extension for OSXStandalone target not found
Refreshing native plugins compatible for Editor in 0.31 ms, found 0 plugins.
Preloading 0 native plugins for Editor in 0.00 ms.
Invoked RoslynAnalysisRunner static constructor.
RoslynAnalysisRunner will not be running.
RoslynAnalysisRunner has terminated.
Mono: successfully reloaded assembly
- Completed reload, in  2.167 seconds
Platform modules already initialized, skipping
Refreshing native plugins compatible for Editor in 0.24 ms, found 0 plugins.
Preloading 0 native plugins for Editor in 0.00 ms.
Unloading 1094 Unused Serialized files (Serialized files now loaded: 0)
System memory in use before: 61.8 MB.
System memory in use after: 61.9 MB.

Unloading 4 unused Assets to reduce memory usage. Loaded Objects now: 1613.
Total: 13.142300 ms (FindLiveObjects: 1.023300 ms CreateObjectMapping: 0.204300 ms MarkObjects: 11.892900 ms  DeleteObjects: 0.018200 ms)

========================================================================
Received Prepare
Registering precompiled user dll's ...
Registered in 0.000949 seconds.
Begin MonoManager ReloadAssembly
Native extension for LinuxStandalone target not found
Native extension for WindowsStandalone target not found
Native extension for OSXStandalone target not found
Refreshing native plugins compatible for Editor in 0.38 ms, found 0 plugins.
Preloading 0 native plugins for Editor in 0.00 ms.
Invoked RoslynAnalysisRunner static constructor.
RoslynAnalysisRunner will not be running.
RoslynAnalysisRunner has terminated.
Mono: successfully reloaded assembly
- Completed reload, in  1.298 seconds
Platform modules already initialized, skipping
Refreshing native plugins compatible for Editor in 0.22 ms, found 0 plugins.
Preloading 0 native plugins for Editor in 0.00 ms.
Unloading 1094 Unused Serialized files (Serialized files now loaded: 0)
System memory in use before: 61.0 MB.
System memory in use after: 61.1 MB.

Unloading 4 unused Assets to reduce memory usage. Loaded Objects now: 1615.
Total: 3.625500 ms (FindLiveObjects: 1.232400 ms CreateObjectMapping: 0.434600 ms MarkObjects: 1.939000 ms  DeleteObjects: 0.017500 ms)

========================================================================
Received Import Request.
  Time since last request: 387.850865 seconds.
  path: Assets/TrabPratico2/Prefabs/Carro00.prefab
  artifactKey: Guid(b4fb661441c31e14089b6f1be7ce263f) Importer(815301076,1909f56bfc062723c751e8b465ee728b)
Start importing Assets/TrabPratico2/Prefabs/Carro00.prefab using Guid(b4fb661441c31e14089b6f1be7ce263f) Importer(815301076,1909f56bfc062723c751e8b465ee728b)  -> (artifact id: 'b03cd3432d2863fe10ac81f2128be4ec') in 0.110363 seconds
  Import took 0.116095 seconds .

========================================================================
Received Import Request.
  Time since last request: 0.678296 seconds.
  path: Assets/TrabPratico2/Prefabs/Carro00.prefab
  artifactKey: Guid(b4fb661441c31e14089b6f1be7ce263f) Importer(815301076,1909f56bfc062723c751e8b465ee728b)
Start importing Assets/TrabPratico2/Prefabs/Carro00.prefab using Guid(b4fb661441c31e14089b6f1be7ce263f) Importer(815301076,1909f56bfc062723c751e8b465ee728b)  -> (artifact id: '203ba80edcaa57e5115a374d245edcd8') in 0.026993 seconds
  Import took 0.031720 seconds .

========================================================================
Received Prepare
Registering precompiled user dll's ...
Registered in 0.000879 seconds.
Begin MonoManager ReloadAssembly
Native extension for LinuxStandalone target not found
Native extension for WindowsStandalone target not found
Native extension for OSXStandalone target not found
Refreshing native plugins compatible for Editor in 0.22 ms, found 0 plugins.
Preloading 0 native plugins for Editor in 0.00 ms.
Invoked RoslynAnalysisRunner static constructor.
RoslynAnalysisRunner will not be running.
RoslynAnalysisRunner has terminated.
Mono: successfully reloaded assembly
- Completed reload, in  1.140 seconds
Platform modules already initialized, skipping
Refreshing native plugins compatible for Editor in 0.34 ms, found 0 plugins.
Preloading 0 native plugins for Editor in 0.00 ms.
Unloading 1094 Unused Serialized files (Serialized files now loaded: 0)
System memory in use before: 61.1 MB.
System memory in use after: 61.2 MB.

Unloading 4 unused Assets to reduce memory usage. Loaded Objects now: 1618.
Total: 3.523000 ms (FindLiveObjects: 0.236100 ms CreateObjectMapping: 0.069500 ms MarkObjects: 3.194900 ms  DeleteObjects: 0.020500 ms)

========================================================================
Received Prepare
Registering precompiled user dll's ...
Registered in 0.000915 seconds.
Begin MonoManager ReloadAssembly
Native extension for LinuxStandalone target not found
Native extension for WindowsStandalone target not found
Native extension for OSXStandalone target not found
Refreshing native plugins compatible for Editor in 0.44 ms, found 0 plugins.
Preloading 0 native plugins for Editor in 0.00 ms.
Invoked RoslynAnalysisRunner static constructor.
RoslynAnalysisRunner will not be running.
RoslynAnalysisRunner has terminated.
Mono: successfully reloaded assembly
- Completed reload, in  4.476 seconds
Platform modules already initialized, skipping
Refreshing native plugins compatible for Editor in 0.24 ms, found 0 plugins.
Preloading 0 native plugins for Editor in 0.00 ms.
Unloading 1094 Unused Serialized files (Serialized files now loaded: 0)
System memory in use before: 61.3 MB.
System memory in use after: 61.4 MB.

Unloading 4 unused Assets to reduce memory usage. Loaded Objects now: 1620.
Total: 2.309700 ms (FindLiveObjects: 0.329400 ms CreateObjectMapping: 0.051000 ms MarkObjects: 1.908500 ms  DeleteObjects: 0.019100 ms)

========================================================================
Received Prepare
Registering precompiled user dll's ...
Registered in 0.001063 seconds.
Begin MonoManager ReloadAssembly
Native extension for LinuxStandalone target not found
Native extension for WindowsStandalone target not found
Native extension for OSXStandalone target not found
Refreshing native plugins compatible for Editor in 0.26 ms, found 0 plugins.
Preloading 0 native plugins for Editor in 0.00 ms.
Invoked RoslynAnalysisRunner static constructor.
RoslynAnalysisRunner will not be running.
RoslynAnalysisRunner has terminated.
Mono: successfully reloaded assembly
- Completed reload, in  2.124 seconds
Platform modules already initialized, skipping
Refreshing native plugins compatible for Editor in 0.59 ms, found 0 plugins.
Preloading 0 native plugins for Editor in 0.00 ms.
Unloading 1094 Unused Serialized files (Serialized files now loaded: 0)
System memory in use before: 61.4 MB.
System memory in use after: 61.5 MB.

Unloading 4 unused Assets to reduce memory usage. Loaded Objects now: 1622.
Total: 8.007000 ms (FindLiveObjects: 0.429100 ms CreateObjectMapping: 0.426400 ms MarkObjects: 7.129900 ms  DeleteObjects: 0.018500 ms)

========================================================================
Received Prepare
Registering precompiled user dll's ...
Registered in 0.002081 seconds.
Begin MonoManager ReloadAssembly
Native extension for LinuxStandalone target not found
Native extension for WindowsStandalone target not found
Native extension for OSXStandalone target not found
Refreshing native plugins compatible for Editor in 0.36 ms, found 0 plugins.
Preloading 0 native plugins for Editor in 0.00 ms.
Invoked RoslynAnalysisRunner static constructor.
RoslynAnalysisRunner will not be running.
RoslynAnalysisRunner has terminated.
Mono: successfully reloaded assembly
- Completed reload, in  1.855 seconds
Platform modules already initialized, skipping
Refreshing native plugins compatible for Editor in 0.23 ms, found 0 plugins.
Preloading 0 native plugins for Editor in 0.00 ms.
Unloading 1093 Unused Serialized files (Serialized files now loaded: 0)
System memory in use before: 61.5 MB.
System memory in use after: 61.6 MB.

Unloading 5 unused Assets to reduce memory usage. Loaded Objects now: 1623.
Total: 22.112600 ms (FindLiveObjects: 0.677700 ms CreateObjectMapping: 0.156900 ms MarkObjects: 21.100300 ms  DeleteObjects: 0.175500 ms)

